<?xml version="1.0" encoding="UTF-8"?>
<!-- Generated by org.testng.reporters.JUnitReportReporter -->
<testsuite hostname="Hichams-MacBook-Pro.local" failures="0" tests="1" name="com.pages" time="45.653" errors="0" timestamp="2024-02-11T13:58:35 CST" skipped="0">
  <testcase classname="com.pages" name="Tc_001" time="45.653"/>
</testsuite> <!-- com.pages -->
