<?xml version="1.0" encoding="UTF-8"?>
<!-- Generated by org.testng.reporters.JUnitReportReporter -->
<testsuite hostname="Hichams-MacBook-Pro.local" failures="0" tests="2" name="Tests.Facebook_Main_Test" time="24.753" errors="0" timestamp="2024-02-11T19:01:36 CST" skipped="1">
  <testcase classname="Tests.Facebook_Main_Test" name="Tc_Negative_logIn" time="24.753"/>
  <testcase classname="Tests.Facebook_Main_Test" name="Tc_LogIn">
    <skipped/>
  </testcase> <!-- Tc_LogIn -->
</testsuite> <!-- Tests.Facebook_Main_Test -->
