<?xml version="1.0" encoding="UTF-8"?>
<!-- Generated by org.testng.reporters.JUnitReportReporter -->
<testsuite hostname="Hichams-MacBook-Pro.local" failures="0" tests="5" name="Tests.Facebook_LogIn_Test" time="174.850" errors="0" timestamp="2024-02-20T12:37:45 CST" skipped="2">
  <testcase classname="Tests.Facebook_LogIn_Test" name="Tc_LogIn_1" time="52.777"/>
  <testcase classname="Tests.Facebook_LogIn_Test" name="Tc_LogIn_1" time="58.527"/>
  <testcase classname="Tests.Facebook_LogIn_Test" name="Tc_LogIn_1" time="63.546"/>
  <testcase classname="Tests.Facebook_LogIn_Test" name="Tc_Negative_logIn">
    <skipped/>
  </testcase> <!-- Tc_Negative_logIn -->
  <testcase classname="Tests.Facebook_LogIn_Test" name="Tc_LogIn">
    <skipped/>
  </testcase> <!-- Tc_LogIn -->
</testsuite> <!-- Tests.Facebook_LogIn_Test -->
